<?xml version="1.0" encoding="UTF-8"?>
<!-- Generated by org.testng.reporters.JUnitReportReporter -->
<testsuite hostname="David" failures="0" tests="1" name="com.syntax.test.TestNGTest" time="0.017" errors="0" timestamp="2020-05-27T09:44:47 PDT" skipped="0">
  <testcase classname="com.syntax.test.TestNGTest" name="hello" time="0.017"/>
  <system-out/>
</testsuite> <!-- com.syntax.test.TestNGTest -->
